
SQL*Loader: Release 12.1.0.2.0 - Production on Sun Aug 6 23:04:57 2017

Copyright (c) 1982, 2014, Oracle and/or its affiliates.  All rights reserved.

Control File:   ctl_for_bat.ctl
Data File:      file_for_bat.csv
  Bad File:     
  Discard File:  
 (Allow all discards)

Number to load: ALL
Number to skip: 0
Errors allowed: 50
Bind array:     64 rows, maximum of 256000 bytes
Continuation:    none specified
Path used:      Conventional

Table AA_BAT_TEST, loaded from every logical record.
Insert option in effect for this table: APPEND
TRAILING NULLCOLS option in effect

   Column Name                  Position   Len  Term Encl Datatype
------------------------------ ---------- ----- ---- ---- ---------------------
ID                                  FIRST     *   ;       CHARACTER            
NAME                                 NEXT     *   ;       CHARACTER            


Table AA_BAT_TEST:
  8 Rows successfully loaded.
  0 Rows not loaded due to data errors.
  0 Rows not loaded because all WHEN clauses were failed.
  0 Rows not loaded because all fields were null.


Space allocated for bind array:                  33024 bytes(64 rows)
Read   buffer bytes: 1048576

Total logical records skipped:          0
Total logical records read:             8
Total logical records rejected:         0
Total logical records discarded:        0

Run began on Sun Aug 06 23:04:57 2017
Run ended on Sun Aug 06 23:04:57 2017

Elapsed time was:     00:00:00.07
CPU time was:         00:00:00.01
